2025-02-23 03:42:13 - cifar10_cnn - INFO - Starting application...
2025-02-23 03:42:13 - cifar10_cnn - INFO - Setting up GPU...
2025-02-23 03:42:13 - cifar10_cnn - INFO - GPU Configuration: {
  "num_gpus": 1,
  "cuda_available": true,
  "compute_device": 0
}
2025-02-23 03:42:13 - cifar10_cnn - INFO - Loading dataset...
2025-02-23 03:42:13 - cifar10_cnn - INFO - Dataset loaded successfully from data/cifar10_data.pkl
2025-02-23 03:42:13 - cifar10_cnn - INFO - Dataset Info: {
  "train_images_shape": [
    50000,
    32,
    32,
    3
  ],
  "test_images_shape": [
    10000,
    32,
    32,
    3
  ],
  "num_classes": 10,
  "data_type": "float32",
  "storage_path": "data/cifar10_data.pkl"
}
2025-02-23 03:42:13 - cifar10_cnn - INFO - Initializing model manager...
2025-02-23 03:42:13 - cifar10_cnn - INFO - Setting up model...
2025-02-23 03:42:13 - cifar10_cnn - INFO - No existing model found, building new one...
2025-02-23 03:42:14 - cifar10_cnn - INFO - Model Architecture:
{
  "input_shape": [
    32,
    32,
    3
  ],
  "num_classes": 10,
  "optimizer": "adam",
  "loss": "categorical_crossentropy",
  "metrics": [
    "accuracy"
  ]
}
2025-02-23 03:42:14 - cifar10_cnn - INFO - Model Summary:
Model: "sequential"
_________________________________________________________________
 Layer (type)                Output Shape              Param #   
=================================================================
 conv2d (Conv2D)             (None, 30, 30, 32)        896       
                                                                 
 max_pooling2d (MaxPooling2D  (None, 15, 15, 32)       0         
 )                                                               
                                                                 
 conv2d_1 (Conv2D)           (None, 13, 13, 64)        18496     
                                                                 
 max_pooling2d_1 (MaxPooling  (None, 6, 6, 64)         0         
 2D)                                                             
                                                                 
 conv2d_2 (Conv2D)           (None, 4, 4, 64)          36928     
                                                                 
 flatten (Flatten)           (None, 1024)              0         
                                                                 
 dense (Dense)               (None, 64)                65600     
                                                                 
 dense_1 (Dense)             (None, 10)                650       
                                                                 
=================================================================
Total params: 122,570
Trainable params: 122,570
Non-trainable params: 0
_________________________________________________________________

2025-02-23 03:42:14 - cifar10_cnn - INFO - Starting training process...
2025-02-23 03:42:14 - cifar10_cnn - INFO - Starting training with batch_size=32, epochs=10
2025-02-23 03:42:14 - cifar10_cnn - INFO - Checkpoint callback created: training_checkpoints/cp-{epoch:04d}.ckpt
2025-02-23 03:43:00 - cifar10_cnn - INFO - Epoch 0: loss: 1.4940, accuracy: 0.4557, val_loss: 1.2398, val_accuracy: 0.5489
2025-02-23 03:43:00 - cifar10_cnn - INFO - Epoch 1: loss: 1.1544, accuracy: 0.5916, val_loss: 1.0988, val_accuracy: 0.6096
2025-02-23 03:43:00 - cifar10_cnn - INFO - Epoch 2: loss: 1.0070, accuracy: 0.6455, val_loss: 0.9912, val_accuracy: 0.6532
2025-02-23 03:43:00 - cifar10_cnn - INFO - Epoch 3: loss: 0.9099, accuracy: 0.6806, val_loss: 1.0392, val_accuracy: 0.6394
2025-02-23 03:43:00 - cifar10_cnn - INFO - Epoch 4: loss: 0.8411, accuracy: 0.7050, val_loss: 0.9787, val_accuracy: 0.6646
2025-02-23 03:43:00 - cifar10_cnn - INFO - Epoch 5: loss: 0.7851, accuracy: 0.7265, val_loss: 0.9612, val_accuracy: 0.6686
2025-02-23 03:43:00 - cifar10_cnn - INFO - Epoch 6: loss: 0.7340, accuracy: 0.7439, val_loss: 0.8964, val_accuracy: 0.6892
2025-02-23 03:43:00 - cifar10_cnn - INFO - Epoch 7: loss: 0.6860, accuracy: 0.7605, val_loss: 0.8551, val_accuracy: 0.7092
2025-02-23 03:43:00 - cifar10_cnn - INFO - Epoch 8: loss: 0.6489, accuracy: 0.7726, val_loss: 0.9136, val_accuracy: 0.6981
2025-02-23 03:43:00 - cifar10_cnn - INFO - Epoch 9: loss: 0.6109, accuracy: 0.7861, val_loss: 0.9439, val_accuracy: 0.6917
2025-02-23 03:43:00 - cifar10_cnn - INFO - Evaluating model...
2025-02-23 03:43:00 - cifar10_cnn - INFO - Evaluating model on test set
2025-02-23 03:43:00 - cifar10_cnn - INFO - Evaluation metrics: {
  "test_loss": 0.9439328908920288,
  "test_accuracy": 0.6916999816894531
}
2025-02-23 03:43:00 - cifar10_cnn - INFO - Saving model...
2025-02-23 03:43:01 - cifar10_cnn - INFO - New best model! Accuracy improved from 0.0000 to 0.6917
2025-02-23 03:43:01 - cifar10_cnn - INFO - 
Model Performance History:
2025-02-23 03:43:01 - cifar10_cnn - INFO - Model: model_20250223_034300, Accuracy: 0.6917, Date: 2025-02-23 03:43:01
2025-02-23 03:43:01 - cifar10_cnn - INFO - 
Best model accuracy: 0.6917
2025-02-23 03:43:01 - cifar10_cnn - INFO - Generating visualizations...
2025-02-23 03:43:01 - cifar10_cnn - INFO - Training history plot saved to training_history.png
2025-02-23 03:43:01 - cifar10_cnn - INFO - Made predictions for 5 images
2025-02-23 03:43:01 - cifar10_cnn - INFO - Predictions plot saved to predictions.png
2025-02-23 03:43:01 - cifar10_cnn - INFO - Application completed successfully!
